d:\_repo\tests\wpf-opengl\wpfopengl\opengllib\x64\debug\vc143.pdb
d:\_repo\tests\wpf-opengl\wpfopengl\opengllib\x64\debug\vc143.idb
d:\_repo\tests\wpf-opengl\wpfopengl\opengllib\x64\debug\opengllib.nativecodeanalysis.sarif
d:\_repo\tests\wpf-opengl\wpfopengl\opengllib\x64\debug\opengllib.nativecodeanalysis.xml
d:\_repo\tests\wpf-opengl\wpfopengl\opengllib\x64\debug\dllmain.nativecodeanalysis.sarif
d:\_repo\tests\wpf-opengl\wpfopengl\opengllib\x64\debug\dllmain.nativecodeanalysis.xml
d:\_repo\tests\wpf-opengl\wpfopengl\opengllib\x64\debug\dllmain.obj
d:\_repo\tests\wpf-opengl\wpfopengl\opengllib\x64\debug\opengllib.obj
d:\_repo\tests\wpf-opengl\wpfopengl\opengllib\x64\debug\opengllib.ilk
d:\_repo\tests\wpf-opengl\wpfopengl\x64\debug\net6.0-windows\opengllib.dll
d:\_repo\tests\wpf-opengl\wpfopengl\x64\debug\net6.0-windows\opengllib.pdb
d:\_repo\tests\wpf-opengl\wpfopengl\x64\debug\net6.0-windows\opengllib.lib
d:\_repo\tests\wpf-opengl\wpfopengl\x64\debug\net6.0-windows\opengllib.exp
d:\_repo\tests\wpf-opengl\wpfopengl\opengllib\x64\debug\vc.nativecodeanalysis.all.xml
d:\_repo\tests\wpf-opengl\wpfopengl\opengllib\x64\debug\opengllib.tlog\cl.command.1.tlog
d:\_repo\tests\wpf-opengl\wpfopengl\opengllib\x64\debug\opengllib.tlog\cl.read.1.tlog
d:\_repo\tests\wpf-opengl\wpfopengl\opengllib\x64\debug\opengllib.tlog\cl.write.1.tlog
d:\_repo\tests\wpf-opengl\wpfopengl\opengllib\x64\debug\opengllib.tlog\link.command.1.tlog
d:\_repo\tests\wpf-opengl\wpfopengl\opengllib\x64\debug\opengllib.tlog\link.read.1.tlog
d:\_repo\tests\wpf-opengl\wpfopengl\opengllib\x64\debug\opengllib.tlog\link.write.1.tlog
d:\_repo\tests\wpf-opengl\wpfopengl\opengllib\x64\debug\opengllib.tlog\opengllib.write.1u.tlog
